Build started 1/26/2015 19:23:43.
     1>Project "C:\work\RobotServer\RobotServer\RobotServer.vcxproj" on node 2 (Build target(s)).
     1>ClCompile:
         C:\Program Files (x86)\Microsoft Visual Studio 12.0\VC\bin\CL.exe /c /ZI /nologo /W3 /WX- /sdl /Od /Oy- /D _MBCS /Gm /EHsc /RTC1 /MDd /GS /fp:precise /Zc:wchar_t /Zc:forScope /Fo"Debug\\" /Fd"Debug\vc120.pdb" /Gd /TP /analyze- /errorReport:prompt CommandChannel.cpp main.cpp NetworkComunicator.cpp TcpServer.cpp
         TcpServer.cpp
     1>c:\work\robotserver\robotserver\tcpserver.h(2): fatal error C1083: Cannot open include file: 'IComunicationBuffer.h': No such file or directory
         NetworkComunicator.cpp
     1>c:\work\robotserver\robotserver\tcpserver.h(2): fatal error C1083: Cannot open include file: 'IComunicationBuffer.h': No such file or directory
         main.cpp
         CommandChannel.cpp
     1>c:\work\robotserver\robotserver\commandchannel.cpp(14): error C2664: 'bool ConcurentCircularQueue<CommandMessage>::TryGet(_T &)' : cannot convert argument 1 from 'ICommunicationMessage *' to 'CommandMessage &'
                 with
                 [
                     _T=CommandMessage
                 ]
     1>c:\work\robotserver\robotserver\commandchannel.cpp(23): error C2682: cannot use 'dynamic_cast' to convert from 'const ICommunicationMessage *' to 'CommandMessage *'
     1>c:\work\robotserver\robotserver\commandchannel.cpp(25): error C2039: 'Push' : is not a member of 'ConcurentCircularQueue<CommandMessage>'
         Generating Code...
     1>Done Building Project "C:\work\RobotServer\RobotServer\RobotServer.vcxproj" (Build target(s)) -- FAILED.

Build FAILED.

Time Elapsed 00:00:02.32
